<?xml version="1.0" encoding="utf-8"?>
<coverage line-rate="0.4" branch-rate="0.26899999999999996" version="1.9" timestamp="1771838881" lines-covered="975" lines-valid="2437" branches-covered="226" branches-valid="840">
  <sources>
    <source>D:\Personal\photography-portfolio\photo-portfolio\FastFileExplorer\</source>
  </sources>
  <packages>
    <package name="FastFileExplorer" line-rate="0.4" branch-rate="0.26899999999999996" complexity="924">
      <classes>
        <class name="FastFileExplorer.App" filename="App.xaml.cs" line-rate="0" branch-rate="0" complexity="36">
          <methods>
            <method name="OnStartup" signature="(System.Windows.StartupEventArgs)" line-rate="0" branch-rate="0" complexity="12">
              <lines>
                <line number="14" hits="0" branch="False" />
                <line number="15" hits="0" branch="False" />
                <line number="17" hits="0" branch="True" condition-coverage="0% (0/2)">
                  <conditions>
                    <condition number="50" type="jump" coverage="0%" />
                  </conditions>
                </line>
                <line number="18" hits="0" branch="False" />
                <line number="19" hits="0" branch="True" condition-coverage="0% (0/2)">
                  <conditions>
                    <condition number="64" type="jump" coverage="0%" />
                  </conditions>
                </line>
                <line number="20" hits="0" branch="False" />
                <line number="21" hits="0" branch="False" />
                <line number="22" hits="0" branch="False" />
                <line number="24" hits="0" branch="False" />
                <line number="26" hits="0" branch="False" />
                <line number="28" hits="0" branch="True" condition-coverage="0% (0/2)">
                  <conditions>
                    <condition number="91" type="jump" coverage="0%" />
                  </conditions>
                </line>
                <line number="29" hits="0" branch="False" />
                <line number="30" hits="0" branch="False" />
                <line number="32" hits="0" branch="False" />
                <line number="33" hits="0" branch="True" condition-coverage="0% (0/2)">
                  <conditions>
                    <condition number="114" type="jump" coverage="0%" />
                  </conditions>
                </line>
                <line number="34" hits="0" branch="False" />
                <line number="35" hits="0" branch="False" />
                <line number="36" hits="0" branch="False" />
                <line number="40" hits="0" branch="False" />
                <line number="41" hits="0" branch="False" />
                <line number="42" hits="0" branch="False" />
                <line number="43" hits="0" branch="True" condition-coverage="0% (0/4)">
                  <conditions>
                    <condition number="168" type="jump" coverage="0%" />
                    <condition number="187" type="jump" coverage="0%" />
                  </conditions>
                </line>
                <line number="44" hits="0" branch="False" />
                <line number="46" hits="0" branch="False" />
                <line number="47" hits="0" branch="False" />
                <line number="48" hits="0" branch="False" />
                <line number="49" hits="0" branch="False" />
                <line number="51" hits="0" branch="False" />
                <line number="53" hits="0" branch="False" />
                <line number="54" hits="0" branch="False" />
                <line number="55" hits="0" branch="False" />
                <line number="57" hits="0" branch="False" />
                <line number="60" hits="0" branch="False" />
                <line number="61" hits="0" branch="False" />
                <line number="62" hits="0" branch="False" />
              </lines>
            </method>
            <method name="OnExit" signature="(System.Windows.ExitEventArgs)" line-rate="0" branch-rate="0" complexity="12">
              <lines>
                <line number="65" hits="0" branch="False" />
                <line number="66" hits="0" branch="False" />
                <line number="68" hits="0" branch="False" />
                <line number="69" hits="0" branch="True" condition-coverage="0% (0/2)">
                  <conditions>
                    <condition number="18" type="jump" coverage="0%" />
                  </conditions>
                </line>
                <line number="70" hits="0" branch="False" />
                <line number="71" hits="0" branch="False" />
                <line number="72" hits="0" branch="False" />
                <line number="74" hits="0" branch="False" />
                <line number="77" hits="0" branch="False" />
                <line number="78" hits="0" branch="True" condition-coverage="0% (0/4)">
                  <conditions>
                    <condition number="45" type="jump" coverage="0%" />
                    <condition number="63" type="jump" coverage="0%" />
                  </conditions>
                </line>
                <line number="79" hits="0" branch="False" />
                <line number="80" hits="0" branch="False" />
                <line number="81" hits="0" branch="False" />
                <line number="82" hits="0" branch="False" />
                <line number="83" hits="0" branch="False" />
                <line number="84" hits="0" branch="False" />
                <line number="86" hits="0" branch="False" />
                <line number="89" hits="0" branch="False" />
                <line number="90" hits="0" branch="True" condition-coverage="0% (0/2)">
                  <conditions>
                    <condition number="101" type="jump" coverage="0%" />
                  </conditions>
                </line>
                <line number="91" hits="0" branch="False" />
                <line number="92" hits="0" branch="False" />
                <line number="93" hits="0" branch="False" />
                <line number="95" hits="0" branch="False" />
                <line number="97" hits="0" branch="False" />
                <line number="98" hits="0" branch="True" condition-coverage="0% (0/2)">
                  <conditions>
                    <condition number="130" type="jump" coverage="0%" />
                  </conditions>
                </line>
                <line number="99" hits="0" branch="False" />
                <line number="100" hits="0" branch="True" condition-coverage="0% (0/2)">
                  <conditions>
                    <condition number="155" type="jump" coverage="0%" />
                  </conditions>
                </line>
                <line number="101" hits="0" branch="False" />
                <line number="102" hits="0" branch="False" />
                <line number="104" hits="0" branch="False" />
                <line number="105" hits="0" branch="False" />
              </lines>
            </method>
            <method name="TryAcquireSingleInstance" signature="()" line-rate="0" branch-rate="0" complexity="2">
              <lines>
                <line number="108" hits="0" branch="False" />
                <line number="110" hits="0" branch="False" />
                <line number="111" hits="0" branch="False" />
                <line number="112" hits="0" branch="False" />
                <line number="113" hits="0" branch="False" />
                <line number="114" hits="0" branch="False" />
                <line number="116" hits="0" branch="False" />
                <line number="117" hits="0" branch="True" condition-coverage="0% (0/2)">
                  <conditions>
                    <condition number="45" type="jump" coverage="0%" />
                  </conditions>
                </line>
                <line number="118" hits="0" branch="False" />
                <line number="119" hits="0" branch="False" />
                <line number="120" hits="0" branch="False" />
                <line number="123" hits="0" branch="False" />
                <line number="124" hits="0" branch="False" />
                <line number="126" hits="0" branch="False" />
                <line number="127" hits="0" branch="False" />
                <line number="128" hits="0" branch="False" />
                <line number="130" hits="0" branch="False" />
              </lines>
            </method>
            <method name="StartActivationListener" signature="()" line-rate="0" branch-rate="0" complexity="6">
              <lines>
                <line number="133" hits="0" branch="False" />
                <line number="134" hits="0" branch="True" condition-coverage="0% (0/2)">
                  <conditions>
                    <condition number="12" type="jump" coverage="0%" />
                  </conditions>
                </line>
                <line number="135" hits="0" branch="False" />
                <line number="136" hits="0" branch="False" />
                <line number="139" hits="0" branch="False" />
                <line number="140" hits="0" branch="False" />
                <line number="141" hits="0" branch="False" />
                <line number="142" hits="0" branch="False" />
                <line number="143" hits="0" branch="False" />
                <line number="144" hits="0" branch="False" />
                <line number="145" hits="0" branch="False" />
                <line number="146" hits="0" branch="False" />
                <line number="147" hits="0" branch="False" />
                <line number="148" hits="0" branch="False" />
                <line number="149" hits="0" branch="False" />
                <line number="150" hits="0" branch="False" />
                <line number="151" hits="0" branch="False" />
                <line number="152" hits="0" branch="False" />
                <line number="153" hits="0" branch="False" />
                <line number="154" hits="0" branch="False" />
                <line number="155" hits="0" branch="False" />
                <line number="156" hits="0" branch="False" />
                <line number="157" hits="0" branch="False" />
                <line number="158" hits="0" branch="False" />
                <line number="159" hits="0" branch="False" />
                <line number="160" hits="0" branch="False" />
                <line number="161" hits="0" branch="True" condition-coverage="0% (0/2)">
                  <conditions>
                    <condition number="24" type="jump" coverage="0%" />
                  </conditions>
                </line>
                <line number="162" hits="0" branch="False" />
                <line number="163" hits="0" branch="True" condition-coverage="0% (0/2)">
                  <conditions>
                    <condition number="35" type="jump" coverage="0%" />
                  </conditions>
                </line>
                <line number="164" hits="0" branch="False" />
                <line number="165" hits="0" branch="False" />
                <line number="166" hits="0" branch="False" />
                <line number="167" hits="0" branch="False" />
                <line number="168" hits="0" branch="False" />
                <line number="169" hits="0" branch="False" />
                <line number="170" hits="0" branch="False" />
                <line number="171" hits="0" branch="False" />
                <line number="172" hits="0" branch="False" />
                <line number="173" hits="0" branch="False" />
                <line number="174" hits="0" branch="False" />
                <line number="175" hits="0" branch="False" />
                <line number="176" hits="0" branch="False" />
                <line number="177" hits="0" branch="False" />
                <line number="178" hits="0" branch="False" />
                <line number="179" hits="0" branch="False" />
                <line number="180" hits="0" branch="False" />
                <line number="181" hits="0" branch="False" />
                <line number="182" hits="0" branch="False" />
                <line number="183" hits="0" branch="False" />
                <line number="184" hits="0" branch="False" />
                <line number="185" hits="0" branch="False" />
                <line number="186" hits="0" branch="False" />
              </lines>
            </method>
          </methods>
          <lines>
            <line number="14" hits="0" branch="False" />
            <line number="15" hits="0" branch="False" />
            <line number="17" hits="0" branch="True" condition-coverage="0% (0/2)">
              <conditions>
                <condition number="50" type="jump" coverage="0%" />
              </conditions>
            </line>
            <line number="18" hits="0" branch="False" />
            <line number="19" hits="0" branch="True" condition-coverage="0% (0/2)">
              <conditions>
                <condition number="64" type="jump" coverage="0%" />
              </conditions>
            </line>
            <line number="20" hits="0" branch="False" />
            <line number="21" hits="0" branch="False" />
            <line number="22" hits="0" branch="False" />
            <line number="24" hits="0" branch="False" />
            <line number="26" hits="0" branch="False" />
            <line number="28" hits="0" branch="True" condition-coverage="0% (0/2)">
              <conditions>
                <condition number="91" type="jump" coverage="0%" />
              </conditions>
            </line>
            <line number="29" hits="0" branch="False" />
            <line number="30" hits="0" branch="False" />
            <line number="32" hits="0" branch="False" />
            <line number="33" hits="0" branch="True" condition-coverage="0% (0/2)">
              <conditions>
                <condition number="114" type="jump" coverage="0%" />
              </conditions>
            </line>
            <line number="34" hits="0" branch="False" />
            <line number="35" hits="0" branch="False" />
            <line number="36" hits="0" branch="False" />
            <line number="40" hits="0" branch="False" />
            <line number="41" hits="0" branch="False" />
            <line number="42" hits="0" branch="False" />
            <line number="43" hits="0" branch="True" condition-coverage="0% (0/4)">
              <conditions>
                <condition number="168" type="jump" coverage="0%" />
                <condition number="187" type="jump" coverage="0%" />
              </conditions>
            </line>
            <line number="44" hits="0" branch="False" />
            <line number="46" hits="0" branch="False" />
            <line number="47" hits="0" branch="False" />
            <line number="48" hits="0" branch="False" />
            <line number="49" hits="0" branch="False" />
            <line number="51" hits="0" branch="False" />
            <line number="53" hits="0" branch="False" />
            <line number="54" hits="0" branch="False" />
            <line number="55" hits="0" branch="False" />
            <line number="57" hits="0" branch="False" />
            <line number="60" hits="0" branch="False" />
            <line number="61" hits="0" branch="False" />
            <line number="62" hits="0" branch="False" />
            <line number="65" hits="0" branch="False" />
            <line number="66" hits="0" branch="False" />
            <line number="68" hits="0" branch="False" />
            <line number="69" hits="0" branch="True" condition-coverage="0% (0/2)">
              <conditions>
                <condition number="18" type="jump" coverage="0%" />
              </conditions>
            </line>
            <line number="70" hits="0" branch="False" />
            <line number="71" hits="0" branch="False" />
            <line number="72" hits="0" branch="False" />
            <line number="74" hits="0" branch="False" />
            <line number="77" hits="0" branch="False" />
            <line number="78" hits="0" branch="True" condition-coverage="0% (0/4)">
              <conditions>
                <condition number="45" type="jump" coverage="0%" />
                <condition number="63" type="jump" coverage="0%" />
              </conditions>
            </line>
            <line number="79" hits="0" branch="False" />
            <line number="80" hits="0" branch="False" />
            <line number="81" hits="0" branch="False" />
            <line number="82" hits="0" branch="False" />
            <line number="83" hits="0" branch="False" />
            <line number="84" hits="0" branch="False" />
            <line number="86" hits="0" branch="False" />
            <line number="89" hits="0" branch="False" />
            <line number="90" hits="0" branch="True" condition-coverage="0% (0/2)">
              <conditions>
                <condition number="101" type="jump" coverage="0%" />
              </conditions>
            </line>
            <line number="91" hits="0" branch="False" />
            <line number="92" hits="0" branch="False" />
            <line number="93" hits="0" branch="False" />
            <line number="95" hits="0" branch="False" />
            <line number="97" hits="0" branch="False" />
            <line number="98" hits="0" branch="True" condition-coverage="0% (0/2)">
              <conditions>
                <condition number="130" type="jump" coverage="0%" />
              </conditions>
            </line>
            <line number="99" hits="0" branch="False" />
            <line number="100" hits="0" branch="True" condition-coverage="0% (0/2)">
              <conditions>
                <condition number="155" type="jump" coverage="0%" />
              </conditions>
            </line>
            <line number="101" hits="0" branch="False" />
            <line number="102" hits="0" branch="False" />
            <line number="104" hits="0" branch="False" />
            <line number="105" hits="0" branch="False" />
            <line number="108" hits="0" branch="False" />
            <line number="110" hits="0" branch="False" />
            <line number="111" hits="0" branch="False" />
            <line number="112" hits="0" branch="False" />
            <line number="113" hits="0" branch="False" />
            <line number="114" hits="0" branch="False" />
            <line number="116" hits="0" branch="False" />
            <line number="117" hits="0" branch="True" condition-coverage="0% (0/2)">
              <conditions>
                <condition number="45" type="jump" coverage="0%" />
              </conditions>
            </line>
            <line number="118" hits="0" branch="False" />
            <line number="119" hits="0" branch="False" />
            <line number="120" hits="0" branch="False" />
            <line number="123" hits="0" branch="False" />
            <line number="124" hits="0" branch="False" />
            <line number="126" hits="0" branch="False" />
            <line number="127" hits="0" branch="False" />
            <line number="128" hits="0" branch="False" />
            <line number="130" hits="0" branch="False" />
            <line number="133" hits="0" branch="False" />
            <line number="134" hits="0" branch="True" condition-coverage="0% (0/2)">
              <conditions>
                <condition number="12" type="jump" coverage="0%" />
              </conditions>
            </line>
            <line number="135" hits="0" branch="False" />
            <line number="136" hits="0" branch="False" />
            <line number="139" hits="0" branch="False" />
            <line number="140" hits="0" branch="False" />
            <line number="141" hits="0" branch="False" />
            <line number="142" hits="0" branch="False" />
            <line number="143" hits="0" branch="False" />
            <line number="144" hits="0" branch="False" />
            <line number="145" hits="0" branch="False" />
            <line number="146" hits="0" branch="False" />
            <line number="147" hits="0" branch="False" />
            <line number="148" hits="0" branch="False" />
            <line number="149" hits="0" branch="False" />
            <line number="150" hits="0" branch="False" />
            <line number="151" hits="0" branch="False" />
            <line number="152" hits="0" branch="False" />
            <line number="153" hits="0" branch="False" />
            <line number="154" hits="0" branch="False" />
            <line number="155" hits="0" branch="False" />
            <line number="156" hits="0" branch="False" />
            <line number="157" hits="0" branch="False" />
            <line number="158" hits="0" branch="False" />
            <line number="159" hits="0" branch="False" />
            <line number="160" hits="0" branch="False" />
            <line number="161" hits="0" branch="True" condition-coverage="0% (0/2)">
              <conditions>
                <condition number="24" type="jump" coverage="0%" />
              </conditions>
            </line>
            <line number="162" hits="0" branch="False" />
            <line number="163" hits="0" branch="True" condition-coverage="0% (0/2)">
              <conditions>
                <condition number="35" type="jump" coverage="0%" />
              </conditions>
            </line>
            <line number="164" hits="0" branch="False" />
            <line number="165" hits="0" branch="False" />
            <line number="166" hits="0" branch="False" />
            <line number="167" hits="0" branch="False" />
            <line number="168" hits="0" branch="False" />
            <line number="169" hits="0" branch="False" />
            <line number="170" hits="0" branch="False" />
            <line number="171" hits="0" branch="False" />
            <line number="172" hits="0" branch="False" />
            <line number="173" hits="0" branch="False" />
            <line number="174" hits="0" branch="False" />
            <line number="175" hits="0" branch="False" />
            <line number="176" hits="0" branch="False" />
            <line number="177" hits="0" branch="False" />
            <line number="178" hits="0" branch="False" />
            <line number="179" hits="0" branch="False" />
            <line number="180" hits="0" branch="False" />
            <line number="181" hits="0" branch="False" />
            <line number="182" hits="0" branch="False" />
            <line number="183" hits="0" branch="False" />
            <line number="184" hits="0" branch="False" />
            <line number="185" hits="0" branch="False" />
            <line number="186" hits="0" branch="False" />
          </lines>
        </class>
        <class name="FastFileExplorer.App" filename="obj\Debug\net9.0-windows\App.g.cs" line-rate="0" branch-rate="1" complexity="1">
          <methods>
            <method name="Main" signature="()" line-rate="0" branch-rate="1" complexity="1">
              <lines>
                <line number="50" hits="0" branch="False" />
                <line number="51" hits="0" branch="False" />
                <line number="52" hits="0" branch="False" />
                <line number="53" hits="0" branch="False" />
              </lines>
            </method>
          </methods>
          <lines>
            <line number="50" hits="0" branch="False" />
            <line number="51" hits="0" branch="False" />
            <line number="52" hits="0" branch="False" />
            <line number="53" hits="0" branch="False" />
          </lines>
        </class>
        <class name="FastFileExplorer.MainWindow" filename="MainWindow.xaml.cs" line-rate="0" branch-rate="0" complexity="161">
          <methods>
            <method name="Window_Loaded" signature="(System.Object,System.Windows.RoutedEventArgs)" line-rate="0" branch-rate="1" complexity="1">
              <lines>
                <line number="95" hits="0" branch="False" />
                <line number="96" hits="0" branch="False" />
                <line number="97" hits="0" branch="False" />
                <line number="98" hits="0" branch="False" />
                <line number="99" hits="0" branch="False" />
              </lines>
            </method>
            <method name="Window_Closing" signature="(System.Object,System.ComponentModel.CancelEventArgs)" line-rate="0" branch-rate="0" complexity="8">
              <lines>
                <line number="153" hits="0" branch="False" />
                <line number="154" hits="0" branch="True" condition-coverage="0% (0/2)">
                  <conditions>
                    <condition number="12" type="jump" coverage="0%" />
                  </conditions>
                </line>
                <line number="155" hits="0" branch="False" />
                <line number="156" hits="0" branch="False" />
                <line number="157" hits="0" branch="False" />
                <line number="158" hits="0" branch="False" />
                <line number="161" hits="0" branch="True" condition-coverage="0% (0/2)">
                  <conditions>
                    <condition number="43" type="jump" coverage="0%" />
                  </conditions>
                </line>
                <line number="162" hits="0" branch="False" />
                <line number="163" hits="0" branch="False" />
                <line number="166" hits="0" branch="False" />
                <line number="167" hits="0" branch="False" />
                <line number="168" hits="0" branch="False" />
                <line number="169" hits="0" branch="True" condition-coverage="0% (0/2)">
                  <conditions>
                    <condition number="86" type="jump" coverage="0%" />
                  </conditions>
                </line>
                <line number="170" hits="0" branch="True" condition-coverage="0% (0/2)">
                  <conditions>
                    <condition number="104" type="jump" coverage="0%" />
                  </conditions>
                </line>
                <line number="171" hits="0" branch="False" />
                <line number="172" hits="0" branch="False" />
                <line number="173" hits="0" branch="False" />
                <line number="174" hits="0" branch="False" />
                <line number="175" hits="0" branch="False" />
                <line number="176" hits="0" branch="False" />
              </lines>
            </method>
            <method name="SearchBox_TextChanged" signature="(System.Object,System.Windows.Controls.TextChangedEventArgs)" line-rate="0" branch-rate="1" complexity="1">
              <lines>
                <line number="193" hits="0" branch="False" />
                <line number="194" hits="0" branch="False" />
                <line number="195" hits="0" branch="False" />
                <line number="196" hits="0" branch="False" />
              </lines>
            </method>
            <method name="SearchBox_KeyUp" signature="(System.Object,System.Windows.Input.KeyEventArgs)" line-rate="0" branch-rate="0" complexity="4">
              <lines>
                <line number="199" hits="0" branch="False" />
                <line number="200" hits="0" branch="True" condition-coverage="0% (0/4)">
                  <conditions>
                    <condition number="9" type="jump" coverage="0%" />
                    <condition number="30" type="jump" coverage="0%" />
                  </conditions>
                </line>
                <line number="201" hits="0" branch="False" />
                <line number="202" hits="0" branch="False" />
                <line number="203" hits="0" branch="False" />
                <line number="204" hits="0" branch="False" />
                <line number="205" hits="0" branch="False" />
              </lines>
            </method>
            <method name="TypeFilterList_SelectionChanged" signature="(System.Object,System.Windows.Controls.SelectionChangedEventArgs)" line-rate="0" branch-rate="1" complexity="1">
              <lines>
                <line number="208" hits="0" branch="False" />
                <line number="209" hits="0" branch="False" />
                <line number="210" hits="0" branch="False" />
              </lines>
            </method>
            <method name="DateFilterList_SelectionChanged" signature="(System.Object,System.Windows.Controls.SelectionChangedEventArgs)" line-rate="0" branch-rate="1" complexity="1">
              <lines>
                <line number="213" hits="0" branch="False" />
                <line number="214" hits="0" branch="False" />
                <line number="215" hits="0" branch="False" />
              </lines>
            </method>
            <method name="ResultsList_KeyUp" signature="(System.Object,System.Windows.Input.KeyEventArgs)" line-rate="0" branch-rate="0" complexity="2">
              <lines>
                <line number="218" hits="0" branch="False" />
                <line number="219" hits="0" branch="True" condition-coverage="0% (0/2)">
                  <conditions>
                    <condition number="12" type="jump" coverage="0%" />
                  </conditions>
                </line>
                <line number="220" hits="0" branch="False" />
                <line number="221" hits="0" branch="False" />
                <line number="222" hits="0" branch="False" />
                <line number="223" hits="0" branch="False" />
              </lines>
            </method>
            <method name="ResultsList_MouseDoubleClick" signature="(System.Object,System.Windows.Input.MouseButtonEventArgs)" line-rate="0" branch-rate="1" complexity="1">
              <lines>
                <line number="226" hits="0" branch="False" />
                <line number="227" hits="0" branch="False" />
                <line number="228" hits="0" branch="False" />
              </lines>
            </method>
            <method name="ResultsList_PreviewMouseRightButtonUp" signature="(System.Object,System.Windows.Input.MouseButtonEventArgs)" line-rate="0" branch-rate="0" complexity="10">
              <lines>
                <line number="231" hits="0" branch="False" />
                <line number="232" hits="0" branch="True" condition-coverage="0% (0/2)">
                  <conditions>
                    <condition number="9" type="jump" coverage="0%" />
                  </conditions>
                </line>
                <line number="233" hits="0" branch="False" />
                <line number="234" hits="0" branch="False" />
                <line number="237" hits="0" branch="False" />
                <line number="238" hits="0" branch="True" condition-coverage="0% (0/4)">
                  <conditions>
                    <condition number="22" type="jump" coverage="0%" />
                    <condition number="42" type="jump" coverage="0%" />
                  </conditions>
                </line>
                <line number="239" hits="0" branch="False" />
                <line number="240" hits="0" branch="False" />
                <line number="243" hits="0" branch="False" />
                <line number="244" hits="0" branch="True" condition-coverage="0% (0/4)">
                  <conditions>
                    <condition number="60" type="jump" coverage="0%" />
                    <condition number="78" type="jump" coverage="0%" />
                  </conditions>
                </line>
                <line number="245" hits="0" branch="False" />
                <line number="246" hits="0" branch="False" />
                <line number="247" hits="0" branch="False" />
                <line number="250" hits="0" branch="False" />
                <line number="251" hits="0" branch="False" />
                <line number="252" hits="0" branch="False" />
                <line number="254" hits="0" branch="False" />
                <line number="255" hits="0" branch="False" />
              </lines>
            </method>
            <method name="ResultsList_PreviewMouseRightButtonDown" signature="(System.Object,System.Windows.Input.MouseButtonEventArgs)" line-rate="0" branch-rate="0" complexity="6">
              <lines>
                <line number="258" hits="0" branch="False" />
                <line number="259" hits="0" branch="False" />
                <line number="260" hits="0" branch="True" condition-coverage="0% (0/4)">
                  <conditions>
                    <condition number="44" type="jump" coverage="0%" />
                    <condition number="25" type="jump" coverage="0%" />
                  </conditions>
                </line>
                <line number="261" hits="0" branch="False" />
                <line number="262" hits="0" branch="False" />
                <line number="263" hits="0" branch="False" />
                <line number="265" hits="0" branch="True" condition-coverage="0% (0/2)">
                  <conditions>
                    <condition number="59" type="jump" coverage="0%" />
                  </conditions>
                </line>
                <line number="266" hits="0" branch="False" />
                <line number="267" hits="0" branch="False" />
                <line number="268" hits="0" branch="False" />
                <line number="269" hits="0" branch="False" />
              </lines>
            </method>
            <method name="ShowBuiltInContextMenu" signature="(System.String,System.Windows.Point)" line-rate="0" branch-rate="1" complexity="1">
              <lines>
                <line number="272" hits="0" branch="False" />
                <line number="273" hits="0" branch="False" />
                <line number="274" hits="0" branch="False" />
                <line number="275" hits="0" branch="False" />
                <line number="276" hits="0" branch="False" />
                <line number="277" hits="0" branch="False" />
                <line number="278" hits="0" branch="False" />
                <line number="280" hits="0" branch="False" />
                <line number="281" hits="0" branch="False" />
                <line number="282" hits="0" branch="False" />
                <line number="283" hits="0" branch="False" />
                <line number="284" hits="0" branch="False" />
                <line number="286" hits="0" branch="False" />
                <line number="287" hits="0" branch="False" />
                <line number="288" hits="0" branch="False" />
                <line number="290" hits="0" branch="False" />
                <line number="291" hits="0" branch="False" />
                <line number="292" hits="0" branch="False" />
                <line number="294" hits="0" branch="False" />
                <line number="295" hits="0" branch="False" />
                <line number="296" hits="0" branch="False" />
                <line number="297" hits="0" branch="False" />
                <line number="298" hits="0" branch="False" />
                <line number="299" hits="0" branch="False" />
                <line number="300" hits="0" branch="False" />
                <line number="301" hits="0" branch="False" />
                <line number="302" hits="0" branch="False" />
                <line number="303" hits="0" branch="False" />
                <line number="304" hits="0" branch="False" />
                <line number="305" hits="0" branch="False" />
                <line number="306" hits="0" branch="False" />
                <line number="308" hits="0" branch="False" />
                <line number="309" hits="0" branch="False" />
                <line number="310" hits="0" branch="False" />
                <line number="312" hits="0" branch="False" />
                <line number="314" hits="0" branch="False" />
                <line number="315" hits="0" branch="False" />
                <line number="316" hits="0" branch="False" />
                <line number="318" hits="0" branch="False" />
                <line number="319" hits="0" branch="False" />
              </lines>
            </method>
            <method name="OpenContainingFolder" signature="(System.String)" line-rate="0" branch-rate="0" complexity="2">
              <lines>
                <line number="322" hits="0" branch="False" />
                <line number="323" hits="0" branch="True" condition-coverage="0% (0/2)">
                  <conditions>
                    <condition number="9" type="jump" coverage="0%" />
                  </conditions>
                </line>
                <line number="324" hits="0" branch="False" />
                <line number="325" hits="0" branch="False" />
                <line number="326" hits="0" branch="False" />
                <line number="329" hits="0" branch="False" />
                <line number="330" hits="0" branch="False" />
              </lines>
            </method>
            <method name="EditWithVsCode" signature="(System.String)" line-rate="0" branch-rate="0" complexity="2">
              <lines>
                <line number="333" hits="0" branch="False" />
                <line number="335" hits="0" branch="False" />
                <line number="336" hits="0" branch="True" condition-coverage="0% (0/2)">
                  <conditions>
                    <condition number="8" type="jump" coverage="0%" />
                  </conditions>
                </line>
                <line number="337" hits="0" branch="False" />
                <line number="338" hits="0" branch="False" />
                <line number="340" hits="0" branch="False" />
                <line number="341" hits="0" branch="False" />
                <line number="342" hits="0" branch="False" />
                <line number="343" hits="0" branch="False" />
                <line number="344" hits="0" branch="False" />
                <line number="345" hits="0" branch="False" />
                <line number="346" hits="0" branch="False" />
              </lines>
            </method>
            <method name="OpenSelected" signature="()" line-rate="0" branch-rate="0" complexity="2">
              <lines>
                <line number="349" hits="0" branch="False" />
                <line number="350" hits="0" branch="False" />
                <line number="351" hits="0" branch="True" condition-coverage="0% (0/2)">
                  <conditions>
                    <condition number="14" type="jump" coverage="0%" />
                  </conditions>
                </line>
                <line number="352" hits="0" branch="False" />
                <line number="353" hits="0" branch="False" />
                <line number="356" hits="0" branch="False" />
                <line number="357" hits="0" branch="False" />
              </lines>
            </method>
            <method name="OpenPath" signature="(System.String)" line-rate="0" branch-rate="0" complexity="4">
              <lines>
                <line number="360" hits="0" branch="False" />
                <line number="361" hits="0" branch="True" condition-coverage="0% (0/4)">
                  <conditions>
                    <condition number="7" type="jump" coverage="0%" />
                    <condition number="23" type="jump" coverage="0%" />
                  </conditions>
                </line>
                <line number="362" hits="0" branch="False" />
                <line number="363" hits="0" branch="False" />
                <line number="364" hits="0" branch="False" />
                <line number="368" hits="0" branch="False" />
                <line number="369" hits="0" branch="False" />
                <line number="370" hits="0" branch="False" />
                <line number="371" hits="0" branch="False" />
                <line number="372" hits="0" branch="False" />
                <line number="373" hits="0" branch="False" />
                <line number="374" hits="0" branch="False" />
                <line number="375" hits="0" branch="False" />
                <line number="376" hits="0" branch="False" />
                <line number="377" hits="0" branch="False" />
                <line number="378" hits="0" branch="False" />
              </lines>
            </method>
            <method name="OpenInExplorer" signature="(System.String)" line-rate="0" branch-rate="1" complexity="1">
              <lines>
                <line number="381" hits="0" branch="False" />
                <line number="383" hits="0" branch="False" />
                <line number="384" hits="0" branch="False" />
                <line number="385" hits="0" branch="False" />
                <line number="386" hits="0" branch="False" />
                <line number="387" hits="0" branch="False" />
                <line number="388" hits="0" branch="False" />
                <line number="389" hits="0" branch="False" />
                <line number="390" hits="0" branch="False" />
                <line number="391" hits="0" branch="False" />
                <line number="392" hits="0" branch="False" />
                <line number="393" hits="0" branch="False" />
              </lines>
            </method>
            <method name="OpenPropertiesInExplorer" signature="(System.String)" line-rate="0" branch-rate="1" complexity="1">
              <lines>
                <line number="396" hits="0" branch="False" />
                <line number="398" hits="0" branch="False" />
                <line number="399" hits="0" branch="False" />
                <line number="400" hits="0" branch="False" />
                <line number="401" hits="0" branch="False" />
                <line number="402" hits="0" branch="False" />
                <line number="403" hits="0" branch="False" />
                <line number="404" hits="0" branch="False" />
                <line number="405" hits="0" branch="False" />
                <line number="406" hits="0" branch="False" />
                <line number="407" hits="0" branch="False" />
                <line number="408" hits="0" branch="False" />
              </lines>
            </method>
            <method name="GetSelectedRow" signature="()" line-rate="0" branch-rate="1" complexity="1">
              <lines>
                <line number="411" hits="0" branch="False" />
                <line number="412" hits="0" branch="False" />
                <line number="413" hits="0" branch="False" />
              </lines>
            </method>
            <method name="QueueSearch" signature="()" line-rate="0" branch-rate="0" complexity="4">
              <lines>
                <line number="416" hits="0" branch="False" />
                <line number="417" hits="0" branch="True" condition-coverage="0% (0/2)">
                  <conditions>
                    <condition number="9" type="jump" coverage="0%" />
                  </conditions>
                </line>
                <line number="418" hits="0" branch="False" />
                <line number="419" hits="0" branch="False" />
                <line number="422" hits="0" branch="False" />
                <line number="423" hits="0" branch="True" condition-coverage="0% (0/2)">
                  <conditions>
                    <condition number="43" type="jump" coverage="0%" />
                  </conditions>
                </line>
                <line number="424" hits="0" branch="False" />
                <line number="425" hits="0" branch="False" />
                <line number="428" hits="0" branch="False" />
                <line number="429" hits="0" branch="False" />
                <line number="430" hits="0" branch="False" />
                <line number="431" hits="0" branch="False" />
                <line number="432" hits="0" branch="False" />
                <line number="433" hits="0" branch="False" />
              </lines>
            </method>
            <method name="TryRenderInstantFromLastState" signature="()" line-rate="0" branch-rate="0" complexity="8">
              <lines>
                <line number="519" hits="0" branch="False" />
                <line number="520" hits="0" branch="True" condition-coverage="0% (0/2)">
                  <conditions>
                    <condition number="11" type="jump" coverage="0%" />
                  </conditions>
                </line>
                <line number="521" hits="0" branch="False" />
                <line number="522" hits="0" branch="False" />
                <line number="525" hits="0" branch="False" />
                <line number="526" hits="0" branch="True" condition-coverage="0% (0/2)">
                  <conditions>
                    <condition number="38" type="jump" coverage="0%" />
                  </conditions>
                </line>
                <line number="527" hits="0" branch="False" />
                <line number="528" hits="0" branch="False" />
                <line number="531" hits="0" branch="False" />
                <line number="532" hits="0" branch="False" />
                <line number="533" hits="0" branch="False" />
                <line number="534" hits="0" branch="False" />
                <line number="535" hits="0" branch="False" />
                <line number="536" hits="0" branch="True" condition-coverage="0% (0/2)">
                  <conditions>
                    <condition number="82" type="jump" coverage="0%" />
                  </conditions>
                </line>
                <line number="537" hits="0" branch="False" />
                <line number="538" hits="0" branch="True" condition-coverage="0% (0/2)">
                  <conditions>
                    <condition number="107" type="jump" coverage="0%" />
                  </conditions>
                </line>
                <line number="539" hits="0" branch="False" />
                <line number="540" hits="0" branch="False" />
              </lines>
            </method>
            <method name="TryRenderInstantFromCache" signature="(System.String,FastFileExplorer.Models.SearchOptions,System.String,System.Double)" line-rate="0" branch-rate="0" complexity="10">
              <lines>
                <line number="543" hits="0" branch="False" />
                <line number="544" hits="0" branch="True" condition-coverage="0% (0/2)">
                  <conditions>
                    <condition number="20" type="jump" coverage="0%" />
                  </conditions>
                </line>
                <line number="545" hits="0" branch="False" />
                <line number="546" hits="0" branch="False" />
                <line number="549" hits="0" branch="True" condition-coverage="0% (0/2)">
                  <conditions>
                    <condition number="46" type="jump" coverage="0%" />
                  </conditions>
                </line>
                <line number="550" hits="0" branch="False" />
                <line number="551" hits="0" branch="False" />
                <line number="554" hits="0" branch="True" condition-coverage="0% (0/2)">
                  <conditions>
                    <condition number="73" type="jump" coverage="0%" />
                  </conditions>
                </line>
                <line number="555" hits="0" branch="False" />
                <line number="556" hits="0" branch="False" />
                <line number="559" hits="0" branch="False" />
                <line number="560" hits="0" branch="True" condition-coverage="0% (0/2)">
                  <conditions>
                    <condition number="104" type="jump" coverage="0%" />
                  </conditions>
                </line>
                <line number="561" hits="0" branch="False" />
                <line number="562" hits="0" branch="False" />
                <line number="565" hits="0" branch="False" />
                <line number="566" hits="0" branch="False" />
                <line number="567" hits="0" branch="False" />
                <line number="568" hits="0" branch="False" />
                <line number="570" hits="0" branch="True" condition-coverage="0% (0/2)">
                  <conditions>
                    <condition number="161" type="jump" coverage="0%" />
                  </conditions>
                </line>
                <line number="571" hits="0" branch="False" />
                <line number="572" hits="0" branch="False" />
                <line number="575" hits="0" branch="False" />
                <line number="576" hits="0" branch="False" />
                <line number="577" hits="0" branch="False" />
              </lines>
            </method>
            <method name="RenderResults" signature="(System.Collections.Generic.IReadOnlyList`1&lt;FastFileExplorer.Models.IndexedItem&gt;,System.String,System.Double)" line-rate="0" branch-rate="0" complexity="10">
              <lines>
                <line number="580" hits="0" branch="False" />
                <line number="581" hits="0" branch="False" />
                <line number="582" hits="0" branch="False" />
                <line number="583" hits="0" branch="True" condition-coverage="0% (0/2)">
                  <conditions>
                    <condition number="97" type="jump" coverage="0%" />
                  </conditions>
                </line>
                <line number="584" hits="0" branch="False" />
                <line number="585" hits="0" branch="False" />
                <line number="586" hits="0" branch="False" />
                <line number="588" hits="0" branch="True" condition-coverage="0% (0/2)">
                  <conditions>
                    <condition number="128" type="jump" coverage="0%" />
                  </conditions>
                </line>
                <line number="589" hits="0" branch="False" />
                <line number="590" hits="0" branch="True" condition-coverage="0% (0/2)">
                  <conditions>
                    <condition number="191" type="jump" coverage="0%" />
                  </conditions>
                </line>
                <line number="591" hits="0" branch="False" />
                <line number="592" hits="0" branch="False" />
                <line number="593" hits="0" branch="False" />
                <line number="595" hits="0" branch="True" condition-coverage="0% (0/2)">
                  <conditions>
                    <condition number="216" type="jump" coverage="0%" />
                  </conditions>
                </line>
                <line number="596" hits="0" branch="False" />
                <line number="597" hits="0" branch="False" />
                <line number="598" hits="0" branch="False" />
                <line number="599" hits="0" branch="False" />
                <line number="601" hits="0" branch="False" />
                <line number="602" hits="0" branch="False" />
                <line number="603" hits="0" branch="False" />
                <line number="604" hits="0" branch="True" condition-coverage="0% (0/2)">
                  <conditions>
                    <condition number="24" type="jump" coverage="0%" />
                  </conditions>
                </line>
                <line number="605" hits="0" branch="False" />
                <line number="606" hits="0" branch="False" />
                <line number="607" hits="0" branch="False" />
                <line number="608" hits="0" branch="False" />
                <line number="609" hits="0" branch="False" />
                <line number="610" hits="0" branch="False" />
              </lines>
            </method>
            <method name="SameOptions" signature="(FastFileExplorer.Models.SearchOptions,FastFileExplorer.Models.SearchOptions)" line-rate="0" branch-rate="0" complexity="2">
              <lines>
                <line number="613" hits="0" branch="False" />
                <line number="614" hits="0" branch="True" condition-coverage="0% (0/2)">
                  <conditions>
                    <condition number="13" type="jump" coverage="0%" />
                  </conditions>
                </line>
                <line number="615" hits="0" branch="False" />
              </lines>
            </method>
            <method name="NormalizeTerms" signature="(System.String)" line-rate="0" branch-rate="0" complexity="2">
              <lines>
                <line number="618" hits="0" branch="False" />
                <line number="619" hits="0" branch="False" />
                <line number="620" hits="0" branch="False" />
                <line number="621" hits="0" branch="True" condition-coverage="0% (0/2)">
                  <conditions>
                    <condition number="6" type="jump" coverage="0%" />
                  </conditions>
                </line>
                <line number="622" hits="0" branch="False" />
                <line number="624" hits="0" branch="False" />
                <line number="625" hits="0" branch="False" />
              </lines>
            </method>
            <method name="UpdateStatus" signature="()" line-rate="0" branch-rate="0" complexity="6">
              <lines>
                <line number="628" hits="0" branch="False" />
                <line number="629" hits="0" branch="True" condition-coverage="0% (0/2)">
                  <conditions>
                    <condition number="14" type="jump" coverage="0%" />
                  </conditions>
                </line>
                <line number="630" hits="0" branch="False" />
                <line number="631" hits="0" branch="False" />
                <line number="632" hits="0" branch="False" />
                <line number="635" hits="0" branch="True" condition-coverage="0% (0/2)">
                  <conditions>
                    <condition number="51" type="jump" coverage="0%" />
                  </conditions>
                </line>
                <line number="636" hits="0" branch="True" condition-coverage="0% (0/2)">
                  <conditions>
                    <condition number="72" type="jump" coverage="0%" />
                  </conditions>
                </line>
                <line number="637" hits="0" branch="False" />
                <line number="638" hits="0" branch="False" />
              </lines>
            </method>
            <method name="GetSelectedItemFilter" signature="()" line-rate="0" branch-rate="0" complexity="6">
              <lines>
                <line number="641" hits="0" branch="False" />
                <line number="642" hits="0" branch="True" condition-coverage="0% (0/4)">
                  <conditions>
                    <condition number="19" type="jump" coverage="0%" />
                    <condition number="45" type="jump" coverage="0%" />
                  </conditions>
                </line>
                <line number="643" hits="0" branch="False" />
                <line number="644" hits="0" branch="False" />
                <line number="647" hits="0" branch="True" condition-coverage="0% (0/2)">
                  <conditions>
                    <condition number="61" type="jump" coverage="0%" />
                  </conditions>
                </line>
                <line number="648" hits="0" branch="False" />
              </lines>
            </method>
            <method name="GetSelectedDateFilter" signature="()" line-rate="0" branch-rate="0" complexity="6">
              <lines>
                <line number="651" hits="0" branch="False" />
                <line number="652" hits="0" branch="True" condition-coverage="0% (0/4)">
                  <conditions>
                    <condition number="19" type="jump" coverage="0%" />
                    <condition number="45" type="jump" coverage="0%" />
                  </conditions>
                </line>
                <line number="653" hits="0" branch="False" />
                <line number="654" hits="0" branch="False" />
                <line number="657" hits="0" branch="True" condition-coverage="0% (0/2)">
                  <conditions>
                    <condition number="61" type="jump" coverage="0%" />
                  </conditions>
                </line>
                <line number="658" hits="0" branch="False" />
              </lines>
            </method>
            <method name="ToRow" signature="(FastFileExplorer.Models.IndexedItem)" line-rate="0" branch-rate="0" complexity="4">
              <lines>
                <line number="661" hits="0" branch="False" />
                <line number="662" hits="0" branch="True" condition-coverage="0% (0/4)">
                  <conditions>
                    <condition number="53" type="jump" coverage="0%" />
                    <condition number="87" type="jump" coverage="0%" />
                  </conditions>
                </line>
                <line number="663" hits="0" branch="False" />
                <line number="664" hits="0" branch="False" />
                <line number="665" hits="0" branch="False" />
                <line number="666" hits="0" branch="False" />
                <line number="667" hits="0" branch="False" />
                <line number="668" hits="0" branch="False" />
                <line number="669" hits="0" branch="False" />
                <line number="670" hits="0" branch="False" />
                <line number="671" hits="0" branch="False" />
                <line number="672" hits="0" branch="False" />
                <line number="673" hits="0" branch="False" />
              </lines>
            </method>
            <method name="BuildDefaultRoots" signature="()" line-rate="0" branch-rate="0" complexity="6">
              <lines>
                <line number="676" hits="0" branch="False" />
                <line number="677" hits="0" branch="False" />
                <line number="678" hits="0" branch="False" />
                <line number="679" hits="0" branch="False" />
                <line number="680" hits="0" branch="False" />
                <line number="681" hits="0" branch="False" />
                <line number="682" hits="0" branch="False" />
                <line number="683" hits="0" branch="False" />
                <line number="684" hits="0" branch="False" />
                <line number="685" hits="0" branch="False" />
                <line number="687" hits="0" branch="False" />
                <line number="688" hits="0" branch="True" condition-coverage="0% (0/4)">
                  <conditions>
                    <condition number="6" type="jump" coverage="0%" />
                    <condition number="15" type="jump" coverage="0%" />
                  </conditions>
                </line>
                <line number="689" hits="0" branch="False" />
                <line number="691" hits="0" branch="False" />
                <line number="692" hits="0" branch="False" />
                <line number="693" hits="0" branch="True" condition-coverage="0% (0/2)">
                  <conditions>
                    <condition number="6" type="jump" coverage="0%" />
                  </conditions>
                </line>
                <line number="694" hits="0" branch="False" />
                <line number="695" hits="0" branch="False" />
                <line number="696" hits="0" branch="False" />
              </lines>
            </method>
            <method name="FormatBytes" signature="(System.Int64)" line-rate="0" branch-rate="0" complexity="6">
              <lines>
                <line number="699" hits="0" branch="False" />
                <line number="700" hits="0" branch="True" condition-coverage="0% (0/2)">
                  <conditions>
                    <condition number="12" type="jump" coverage="0%" />
                  </conditions>
                </line>
                <line number="701" hits="0" branch="False" />
                <line number="702" hits="0" branch="False" />
                <line number="705" hits="0" branch="False" />
                <line number="706" hits="0" branch="False" />
                <line number="707" hits="0" branch="False" />
                <line number="708" hits="0" branch="True" condition-coverage="0% (0/4)">
                  <conditions>
                    <condition number="151" type="jump" coverage="0%" />
                    <condition number="134" type="jump" coverage="0%" />
                  </conditions>
                </line>
                <line number="709" hits="0" branch="False" />
                <line number="710" hits="0" branch="False" />
                <line number="711" hits="0" branch="False" />
                <line number="712" hits="0" branch="False" />
                <line number="714" hits="0" branch="False" />
                <line number="715" hits="0" branch="False" />
              </lines>
            </method>
            <method name="SaveSettings" signature="()" line-rate="0" branch-rate="1" complexity="1">
              <lines>
                <line number="718" hits="0" branch="False" />
                <line number="719" hits="0" branch="False" />
                <line number="720" hits="0" branch="False" />
                <line number="721" hits="0" branch="False" />
                <line number="722" hits="0" branch="False" />
                <line number="723" hits="0" branch="False" />
                <line number="724" hits="0" branch="False" />
                <line number="725" hits="0" branch="False" />
              </lines>
            </method>
            <method name="InitializeTrayIcon" signature="()" line-rate="0" branch-rate="1" complexity="1">
              <lines>
                <line number="767" hits="0" branch="False" />
                <line number="769" hits="0" branch="False" />
                <line number="770" hits="0" branch="False" />
                <line number="771" hits="0" branch="False" />
                <line number="772" hits="0" branch="False" />
                <line number="774" hits="0" branch="False" />
                <line number="775" hits="0" branch="False" />
                <line number="776" hits="0" branch="False" />
                <line number="777" hits="0" branch="False" />
                <line number="778" hits="0" branch="False" />
                <line number="779" hits="0" branch="False" />
                <line number="780" hits="0" branch="False" />
                <line number="781" hits="0" branch="False" />
                <line number="782" hits="0" branch="False" />
                <line number="783" hits="0" branch="False" />
                <line number="784" hits="0" branch="False" />
                <line number="785" hits="0" branch="False" />
                <line number="786" hits="0" branch="False" />
                <line number="787" hits="0" branch="False" />
              </lines>
            </method>
            <method name="GetTrayIcon" signature="()" line-rate="0" branch-rate="0" complexity="10">
              <lines>
                <line number="790" hits="0" branch="False" />
                <line number="792" hits="0" branch="False" />
                <line number="793" hits="0" branch="False" />
                <line number="794" hits="0" branch="True" condition-coverage="0% (0/4)">
                  <conditions>
                    <condition number="20" type="jump" coverage="0%" />
                    <condition number="39" type="jump" coverage="0%" />
                  </conditions>
                </line>
                <line number="795" hits="0" branch="False" />
                <line number="796" hits="0" branch="False" />
                <line number="797" hits="0" branch="False" />
                <line number="798" hits="0" branch="True" condition-coverage="0% (0/2)">
                  <conditions>
                    <condition number="66" type="jump" coverage="0%" />
                  </conditions>
                </line>
                <line number="799" hits="0" branch="False" />
                <line number="800" hits="0" branch="False" />
                <line number="802" hits="0" branch="False" />
                <line number="804" hits="0" branch="False" />
                <line number="805" hits="0" branch="True" condition-coverage="0% (0/2)">
                  <conditions>
                    <condition number="108" type="jump" coverage="0%" />
                  </conditions>
                </line>
                <line number="806" hits="0" branch="False" />
                <line number="807" hits="0" branch="False" />
                <line number="808" hits="0" branch="True" condition-coverage="0% (0/2)">
                  <conditions>
                    <condition number="128" type="jump" coverage="0%" />
                  </conditions>
                </line>
                <line number="809" hits="0" branch="False" />
                <line number="810" hits="0" branch="False" />
                <line number="812" hits="0" branch="False" />
                <line number="813" hits="0" branch="False" />
                <line number="814" hits="0" branch="False" />
                <line number="815" hits="0" branch="False" />
                <line number="817" hits="0" branch="False" />
                <line number="819" hits="0" branch="False" />
                <line number="820" hits="0" branch="False" />
              </lines>
            </method>
            <method name="HideToTray" signature="()" line-rate="0" branch-rate="1" complexity="1">
              <lines>
                <line number="823" hits="0" branch="False" />
                <line number="824" hits="0" branch="False" />
                <line number="825" hits="0" branch="False" />
                <line number="826" hits="0" branch="False" />
              </lines>
            </method>
            <method name="RestoreFromTray" signature="()" line-rate="0" branch-rate="0" complexity="2">
              <lines>
                <line number="829" hits="0" branch="False" />
                <line number="830" hits="0" branch="False" />
                <line number="831" hits="0" branch="False" />
                <line number="832" hits="0" branch="True" condition-coverage="0% (0/2)">
                  <conditions>
                    <condition number="27" type="jump" coverage="0%" />
                  </conditions>
                </line>
                <line number="833" hits="0" branch="False" />
                <line number="834" hits="0" branch="False" />
                <line number="835" hits="0" branch="False" />
                <line number="837" hits="0" branch="False" />
                <line number="838" hits="0" branch="False" />
                <line number="839" hits="0" branch="False" />
              </lines>
            </method>
            <method name="ExitApplication" signature="()" line-rate="0" branch-rate="1" complexity="1">
              <lines>
                <line number="842" hits="0" branch="False" />
                <line number="843" hits="0" branch="False" />
                <line number="844" hits="0" branch="False" />
                <line number="845" hits="0" branch="False" />
              </lines>
            </method>
            <method name="ShowFromExternalActivation" signature="()" line-rate="0" branch-rate="1" complexity="1">
              <lines>
                <line number="848" hits="0" branch="False" />
                <line number="849" hits="0" branch="False" />
                <line number="850" hits="0" branch="False" />
              </lines>
            </method>
            <method name="DisposeTrayIcon" signature="()" line-rate="0" branch-rate="0" complexity="2">
              <lines>
                <line number="853" hits="0" branch="False" />
                <line number="855" hits="0" branch="False" />
                <line number="856" hits="0" branch="True" condition-coverage="0% (0/2)">
                  <conditions>
                    <condition number="16" type="jump" coverage="0%" />
                  </conditions>
                </line>
                <line number="857" hits="0" branch="False" />
                <line number="858" hits="0" branch="False" />
                <line number="859" hits="0" branch="False" />
                <line number="860" hits="0" branch="False" />
                <line number="861" hits="0" branch="False" />
                <line number="862" hits="0" branch="False" />
                <line number="863" hits="0" branch="False" />
                <line number="865" hits="0" branch="False" />
                <line number="867" hits="0" branch="False" />
                <line number="868" hits="0" branch="False" />
                <line number="869" hits="0" branch="False" />
                <line number="870" hits="0" branch="False" />
              </lines>
            </method>
            <method name="FindDescendant" signature="(System.Windows.DependencyObject)" line-rate="0" branch-rate="0" complexity="8">
              <lines>
                <line number="873" hits="0" branch="False" />
                <line number="874" hits="0" branch="True" condition-coverage="0% (0/2)">
                  <conditions>
                    <condition number="7" type="jump" coverage="0%" />
                  </conditions>
                </line>
                <line number="875" hits="0" branch="False" />
                <line number="876" hits="0" branch="False" />
                <line number="879" hits="0" branch="False" />
                <line number="880" hits="0" branch="True" condition-coverage="0% (0/2)">
                  <conditions>
                    <condition number="128" type="jump" coverage="0%" />
                  </conditions>
                </line>
                <line number="881" hits="0" branch="False" />
                <line number="882" hits="0" branch="False" />
                <line number="883" hits="0" branch="True" condition-coverage="0% (0/2)">
                  <conditions>
                    <condition number="73" type="jump" coverage="0%" />
                  </conditions>
                </line>
                <line number="884" hits="0" branch="False" />
                <line number="885" hits="0" branch="False" />
                <line number="888" hits="0" branch="False" />
                <line number="889" hits="0" branch="True" condition-coverage="0% (0/2)">
                  <conditions>
                    <condition number="104" type="jump" coverage="0%" />
                  </conditions>
                </line>
                <line number="890" hits="0" branch="False" />
                <line number="891" hits="0" branch="False" />
                <line number="893" hits="0" branch="False" />
                <line number="895" hits="0" branch="False" />
                <line number="896" hits="0" branch="False" />
              </lines>
            </method>
            <method name="ApplyVersionInfo" signature="()" line-rate="0" branch-rate="0" complexity="8">
              <lines>
                <line number="927" hits="0" branch="False" />
                <line number="928" hits="0" branch="True" condition-coverage="0% (0/2)">
                  <conditions>
                    <condition number="12" type="jump" coverage="0%" />
                  </conditions>
                </line>
                <line number="929" hits="0" branch="False" />
                <line number="930" hits="0" branch="False" />
                <line number="932" hits="0" branch="True" condition-coverage="0% (0/2)">
                  <conditions>
                    <condition number="32" type="jump" coverage="0%" />
                  </conditions>
                </line>
                <line number="933" hits="0" branch="False" />
                <line number="934" hits="0" branch="True" condition-coverage="0% (0/4)">
                  <conditions>
                    <condition number="51" type="jump" coverage="0%" />
                    <condition number="64" type="jump" coverage="0%" />
                  </conditions>
                </line>
                <line number="935" hits="0" branch="False" />
                <line number="937" hits="0" branch="False" />
                <line number="938" hits="0" branch="False" />
                <line number="939" hits="0" branch="False" />
              </lines>
            </method>
            <method name="&lt;.ctor&gt;b__28_1" signature="(System.String)" line-rate="0" branch-rate="1" complexity="1">
              <lines>
                <line number="64" hits="0" branch="False" />
                <line number="65" hits="0" branch="False" />
                <line number="66" hits="0" branch="False" />
                <line number="67" hits="0" branch="False" />
                <line number="68" hits="0" branch="False" />
                <line number="69" hits="0" branch="False" />
                <line number="70" hits="0" branch="False" />
              </lines>
            </method>
            <method name="&lt;.ctor&gt;b__28_2" signature="()" line-rate="0" branch-rate="1" complexity="1">
              <lines>
                <line number="72" hits="0" branch="False" />
                <line number="73" hits="0" branch="False" />
                <line number="74" hits="0" branch="False" />
                <line number="75" hits="0" branch="False" />
                <line number="76" hits="0" branch="False" />
                <line number="77" hits="0" branch="False" />
                <line number="78" hits="0" branch="False" />
                <line number="79" hits="0" branch="False" />
                <line number="80" hits="0" branch="False" />
                <line number="81" hits="0" branch="False" />
                <line number="82" hits="0" branch="False" />
                <line number="83" hits="0" branch="False" />
                <line number="84" hits="0" branch="False" />
                <line number="85" hits="0" branch="False" />
                <line number="86" hits="0" branch="False" />
                <line number="87" hits="0" branch="False" />
                <line number="88" hits="0" branch="False" />
                <line number="89" hits="0" branch="False" />
              </lines>
            </method>
            <method name=".ctor" signature="()" line-rate="0" branch-rate="1" complexity="1">
              <lines>
                <line number="20" hits="0" branch="False" />
                <line number="21" hits="0" branch="False" />
                <line number="22" hits="0" branch="False" />
                <line number="28" hits="0" branch="False" />
                <line number="29" hits="0" branch="False" />
                <line number="30" hits="0" branch="False" />
                <line number="31" hits="0" branch="False" />
                <line number="32" hits="0" branch="False" />
                <line number="42" hits="0" branch="False" />
                <line number="44" hits="0" branch="False" />
                <line number="45" hits="0" branch="False" />
                <line number="49" hits="0" branch="False" />
                <line number="50" hits="0" branch="False" />
                <line number="51" hits="0" branch="False" />
                <line number="52" hits="0" branch="False" />
                <line number="53" hits="0" branch="False" />
                <line number="54" hits="0" branch="False" />
                <line number="55" hits="0" branch="False" />
                <line number="57" hits="0" branch="False" />
                <line number="59" hits="0" branch="False" />
                <line number="60" hits="0" branch="False" />
                <line number="61" hits="0" branch="False" />
                <line number="63" hits="0" branch="False" />
                <line number="71" hits="0" branch="False" />
                <line number="91" hits="0" branch="False" />
                <line number="92" hits="0" branch="False" />
              </lines>
            </method>
          </methods>
          <lines>
            <line number="95" hits="0" branch="False" />
            <line number="96" hits="0" branch="False" />
            <line number="97" hits="0" branch="False" />
            <line number="98" hits="0" branch="False" />
            <line number="99" hits="0" branch="False" />
            <line number="153" hits="0" branch="False" />
            <line number="154" hits="0" branch="True" condition-coverage="0% (0/2)">
              <conditions>
                <condition number="12" type="jump" coverage="0%" />
              </conditions>
            </line>
            <line number="155" hits="0" branch="False" />
            <line number="156" hits="0" branch="False" />
            <line number="157" hits="0" branch="False" />
            <line number="158" hits="0" branch="False" />
            <line number="161" hits="0" branch="True" condition-coverage="0% (0/2)">
              <conditions>
                <condition number="43" type="jump" coverage="0%" />
              </conditions>
            </line>
            <line number="162" hits="0" branch="False" />
            <line number="163" hits="0" branch="False" />
            <line number="166" hits="0" branch="False" />
            <line number="167" hits="0" branch="False" />
            <line number="168" hits="0" branch="False" />
            <line number="169" hits="0" branch="True" condition-coverage="0% (0/2)">
              <conditions>
                <condition number="86" type="jump" coverage="0%" />
              </conditions>
            </line>
            <line number="170" hits="0" branch="True" condition-coverage="0% (0/2)">
              <conditions>
                <condition number="104" type="jump" coverage="0%" />
              </conditions>
            </line>
            <line number="171" hits="0" branch="False" />
            <line number="172" hits="0" branch="False" />
            <line number="173" hits="0" branch="False" />
            <line number="174" hits="0" branch="False" />
            <line number="175" hits="0" branch="False" />
            <line number="176" hits="0" branch="False" />
            <line number="193" hits="0" branch="False" />
            <line number="194" hits="0" branch="False" />
            <line number="195" hits="0" branch="False" />
            <line number="196" hits="0" branch="False" />
            <line number="199" hits="0" branch="False" />
            <line number="200" hits="0" branch="True" condition-coverage="0% (0/4)">
              <conditions>
                <condition number="9" type="jump" coverage="0%" />
                <condition number="30" type="jump" coverage="0%" />
              </conditions>
            </line>
            <line number="201" hits="0" branch="False" />
            <line number="202" hits="0" branch="False" />
            <line number="203" hits="0" branch="False" />
            <line number="204" hits="0" branch="False" />
            <line number="205" hits="0" branch="False" />
            <line number="208" hits="0" branch="False" />
            <line number="209" hits="0" branch="False" />
            <line number="210" hits="0" branch="False" />
            <line number="213" hits="0" branch="False" />
            <line number="214" hits="0" branch="False" />
            <line number="215" hits="0" branch="False" />
            <line number="218" hits="0" branch="False" />
            <line number="219" hits="0" branch="True" condition-coverage="0% (0/2)">
              <conditions>
                <condition number="12" type="jump" coverage="0%" />
              </conditions>
            </line>
            <line number="220" hits="0" branch="False" />
            <line number="221" hits="0" branch="False" />
            <line number="222" hits="0" branch="False" />
            <line number="223" hits="0" branch="False" />
            <line number="226" hits="0" branch="False" />
[...]
            <line number="256" hits="16" branch="False" />
            <line number="257" hits="16" branch="True" condition-coverage="50% (1/2)">
              <conditions>
                <condition number="1061" type="jump" coverage="50%" />
              </conditions>
            </line>
            <line number="258" hits="16" branch="False" />
            <line number="259" hits="16" branch="False" />
            <line number="261" hits="16" branch="False" />
            <line number="262" hits="32" branch="False" />
            <line number="265" hits="50" branch="False" />
            <line number="266" hits="50" branch="True" condition-coverage="50% (1/2)">
              <conditions>
                <condition number="12" type="jump" coverage="50%" />
              </conditions>
            </line>
            <line number="267" hits="0" branch="False" />
            <line number="268" hits="0" branch="False" />
            <line number="271" hits="50" branch="False" />
            <line number="272" hits="50" branch="False" />
            <line number="273" hits="50" branch="False" />
            <line number="275" hits="50" branch="True" condition-coverage="50% (1/2)">
              <conditions>
                <condition number="57" type="jump" coverage="50%" />
              </conditions>
            </line>
            <line number="276" hits="0" branch="False" />
            <line number="277" hits="0" branch="False" />
            <line number="278" hits="0" branch="False" />
            <line number="279" hits="0" branch="False" />
            <line number="280" hits="0" branch="False" />
            <line number="281" hits="0" branch="False" />
            <line number="282" hits="0" branch="False" />
            <line number="283" hits="0" branch="False" />
            <line number="284" hits="0" branch="False" />
            <line number="285" hits="0" branch="False" />
            <line number="288" hits="50" branch="False" />
            <line number="289" hits="50" branch="False" />
            <line number="290" hits="95" branch="False" />
            <line number="291" hits="50" branch="False" />
            <line number="293" hits="50" branch="True" condition-coverage="50% (1/2)">
              <conditions>
                <condition number="222" type="jump" coverage="50%" />
              </conditions>
            </line>
            <line number="294" hits="0" branch="False" />
            <line number="295" hits="0" branch="False" />
            <line number="298" hits="50" branch="False" />
            <line number="299" hits="50" branch="False" />
            <line number="300" hits="50" branch="False" />
            <line number="301" hits="50" branch="False" />
            <line number="302" hits="50" branch="False" />
            <line number="304" hits="50" branch="False" />
            <line number="305" hits="50" branch="True" condition-coverage="100% (2/2)">
              <conditions>
                <condition number="352" type="jump" coverage="100%" />
              </conditions>
            </line>
            <line number="306" hits="46" branch="False" />
            <line number="307" hits="46" branch="True" condition-coverage="100% (2/2)">
              <conditions>
                <condition number="364" type="jump" coverage="100%" />
              </conditions>
            </line>
            <line number="308" hits="46" branch="False" />
            <line number="309" hits="46" branch="False" />
            <line number="311" hits="133" branch="False" />
            <line number="312" hits="46" branch="False" />
            <line number="313" hits="46" branch="True" condition-coverage="100% (2/2)">
              <conditions>
                <condition number="468" type="jump" coverage="100%" />
              </conditions>
            </line>
            <line number="314" hits="46" branch="True" condition-coverage="100% (2/2)">
              <conditions>
                <condition number="495" type="jump" coverage="100%" />
              </conditions>
            </line>
            <line number="315" hits="1" branch="False" />
            <line number="317" hits="1" branch="False" />
            <line number="318" hits="1" branch="False" />
            <line number="319" hits="1" branch="False" />
            <line number="320" hits="1" branch="False" />
            <line number="321" hits="1" branch="False" />
            <line number="322" hits="1" branch="False" />
            <line number="323" hits="1" branch="False" />
            <line number="324" hits="1" branch="False" />
            <line number="326" hits="45" branch="False" />
            <line number="327" hits="45" branch="False" />
            <line number="328" hits="45" branch="False" />
            <line number="329" hits="45" branch="False" />
            <line number="330" hits="45" branch="False" />
            <line number="331" hits="45" branch="False" />
            <line number="332" hits="45" branch="False" />
            <line number="333" hits="45" branch="False" />
            <line number="334" hits="45" branch="False" />
            <line number="335" hits="45" branch="False" />
            <line number="336" hits="45" branch="False" />
            <line number="337" hits="45" branch="False" />
            <line number="338" hits="45" branch="False" />
            <line number="339" hits="45" branch="False" />
            <line number="340" hits="45" branch="False" />
            <line number="341" hits="45" branch="False" />
            <line number="342" hits="45" branch="False" />
            <line number="343" hits="45" branch="False" />
            <line number="345" hits="46" branch="False" />
            <line number="346" hits="46" branch="False" />
            <line number="347" hits="46" branch="True" condition-coverage="100% (2/2)">
              <conditions>
                <condition number="582" type="jump" coverage="100%" />
              </conditions>
            </line>
            <line number="348" hits="45" branch="False" />
            <line number="349" hits="45" branch="False" />
            <line number="351" hits="1" branch="False" />
            <line number="353" hits="14" branch="True" condition-coverage="75% (3/4)">
              <conditions>
                <condition number="612" type="jump" coverage="50%" />
                <condition number="658" type="jump" coverage="100%" />
              </conditions>
            </line>
            <line number="354" hits="1" branch="False" />
            <line number="356" hits="1" branch="False" />
            <line number="359" hits="4" branch="False" />
            <line number="360" hits="4" branch="False" />
            <line number="361" hits="4" branch="False" />
            <line number="362" hits="4" branch="False" />
            <line number="363" hits="4" branch="False" />
            <line number="364" hits="4" branch="False" />
            <line number="366" hits="22" branch="True" condition-coverage="100% (2/2)">
              <conditions>
                <condition number="907" type="jump" coverage="100%" />
              </conditions>
            </line>
            <line number="367" hits="7" branch="False" />
            <line number="368" hits="7" branch="False" />
            <line number="369" hits="7" branch="False" />
            <line number="370" hits="7" branch="False" />
            <line number="371" hits="7" branch="False" />
            <line number="373" hits="4" branch="True" condition-coverage="50% (1/2)">
              <conditions>
                <condition number="916" type="jump" coverage="50%" />
              </conditions>
            </line>
            <line number="374" hits="4" branch="False" />
            <line number="375" hits="4" branch="False" />
            <line number="377" hits="4" branch="False" />
            <line number="378" hits="4" branch="False" />
            <line number="379" hits="4" branch="False" />
            <line number="380" hits="4" branch="False" />
            <line number="381" hits="4" branch="False" />
            <line number="382" hits="4" branch="False" />
            <line number="383" hits="4" branch="False" />
            <line number="384" hits="4" branch="False" />
            <line number="385" hits="4" branch="False" />
            <line number="386" hits="4" branch="False" />
            <line number="387" hits="4" branch="False" />
            <line number="388" hits="4" branch="False" />
            <line number="389" hits="4" branch="False" />
            <line number="390" hits="4" branch="False" />
            <line number="391" hits="4" branch="False" />
            <line number="393" hits="4" branch="False" />
            <line number="394" hits="4" branch="False" />
            <line number="395" hits="4" branch="False" />
            <line number="397" hits="50" branch="False" />
            <line number="400" hits="50" branch="False" />
            <line number="401" hits="50" branch="False" />
            <line number="402" hits="2566" branch="True" condition-coverage="100% (2/2)">
              <conditions>
                <condition number="157" type="jump" coverage="100%" />
              </conditions>
            </line>
            <line number="403" hits="2516" branch="False" />
            <line number="404" hits="2516" branch="False" />
            <line number="405" hits="2516" branch="False" />
            <line number="406" hits="2516" branch="False" />
            <line number="407" hits="2516" branch="False" />
            <line number="408" hits="2516" branch="False" />
            <line number="409" hits="2516" branch="False" />
            <line number="410" hits="2516" branch="False" />
            <line number="411" hits="2516" branch="False" />
            <line number="412" hits="2516" branch="False" />
            <line number="413" hits="2516" branch="False" />
            <line number="414" hits="2516" branch="False" />
            <line number="415" hits="2516" branch="False" />
            <line number="417" hits="50" branch="False" />
            <line number="418" hits="50" branch="False" />
            <line number="421" hits="95" branch="False" />
            <line number="422" hits="95" branch="False" />
            <line number="423" hits="95" branch="False" />
            <line number="424" hits="95" branch="False" />
            <line number="425" hits="95" branch="False" />
            <line number="426" hits="95" branch="False" />
            <line number="427" hits="95" branch="False" />
            <line number="430" hits="54" branch="False" />
            <line number="431" hits="54" branch="True" condition-coverage="100% (2/2)">
              <conditions>
                <condition number="12" type="jump" coverage="100%" />
              </conditions>
            </line>
            <line number="432" hits="53" branch="False" />
            <line number="433" hits="53" branch="True" condition-coverage="50% (3/6)">
              <conditions>
                <condition number="27" type="switch" coverage="50%" />
              </conditions>
            </line>
            <line number="436" hits="0" branch="False" />
            <line number="437" hits="0" branch="False" />
            <line number="439" hits="52" branch="False" />
            <line number="440" hits="52" branch="False" />
            <line number="442" hits="1" branch="False" />
            <line number="443" hits="1" branch="False" />
            <line number="445" hits="0" branch="False" />
            <line number="446" hits="0" branch="False" />
            <line number="448" hits="0" branch="False" />
            <line number="449" hits="0" branch="False" />
            <line number="451" hits="53" branch="False" />
            <line number="453" hits="54" branch="True" condition-coverage="100% (2/2)">
              <conditions>
                <condition number="138" type="jump" coverage="100%" />
              </conditions>
            </line>
            <line number="454" hits="53" branch="False" />
            <line number="455" hits="53" branch="False" />
            <line number="458" hits="1" branch="True" condition-coverage="20% (1/5)">
              <conditions>
                <condition number="162" type="switch" coverage="20%" />
              </conditions>
            </line>
            <line number="459" hits="1" branch="False" />
            <line number="460" hits="0" branch="False" />
            <line number="461" hits="0" branch="False" />
            <line number="462" hits="1" branch="False" />
            <line number="463" hits="0" branch="False" />
            <line number="464" hits="0" branch="False" />
            <line number="465" hits="1" branch="False" />
            <line number="467" hits="1" branch="True" condition-coverage="50% (1/2)">
              <conditions>
                <condition number="324" type="jump" coverage="50%" />
              </conditions>
            </line>
            <line number="468" hits="0" branch="False" />
            <line number="469" hits="0" branch="False" />
            <line number="472" hits="1" branch="False" />
            <line number="473" hits="1" branch="False" />
            <line number="474" hits="54" branch="False" />
            <line number="477" hits="50" branch="False" />
            <line number="478" hits="50" branch="False" />
            <line number="479" hits="50" branch="True" condition-coverage="100% (2/2)">
              <conditions>
                <condition number="22" type="jump" coverage="100%" />
              </conditions>
            </line>
            <line number="480" hits="48" branch="False" />
            <line number="481" hits="48" branch="False" />
            <line number="484" hits="2" branch="False" />
            <line number="485" hits="2" branch="False" />
            <line number="486" hits="2" branch="False" />
            <line number="487" hits="2" branch="True" condition-coverage="100% (2/2)">
              <conditions>
                <condition number="72" type="jump" coverage="100%" />
              </conditions>
            </line>
            <line number="488" hits="2" branch="False" />
            <line number="489" hits="50" branch="False" />
            <line number="492" hits="150" branch="False" />
            <line number="493" hits="150" branch="False" />
            <line number="494" hits="150" branch="False" />
            <line number="495" hits="150" branch="False" />
            <line number="497" hits="150" branch="False" />
            <line number="498" hits="150" branch="False" />
            <line number="499" hits="150" branch="False" />
            <line number="500" hits="150" branch="False" />
            <line number="501" hits="150" branch="False" />
            <line number="502" hits="150" branch="False" />
            <line number="503" hits="150" branch="False" />
            <line number="504" hits="150" branch="False" />
            <line number="505" hits="150" branch="False" />
            <line number="13" hits="17" branch="False" />
            <line number="15" hits="17" branch="False" />
            <line number="16" hits="17" branch="False" />
            <line number="17" hits="17" branch="False" />
            <line number="18" hits="17" branch="False" />
            <line number="19" hits="17" branch="False" />
            <line number="20" hits="17" branch="False" />
            <line number="21" hits="17" branch="False" />
            <line number="22" hits="17" branch="False" />
            <line number="23" hits="17" branch="False" />
            <line number="24" hits="17" branch="False" />
            <line number="25" hits="17" branch="False" />
            <line number="26" hits="17" branch="False" />
          </lines>
        </class>
        <class name="FastFileExplorer.Services.SqliteIndexStore/StoreMetadata" filename="Services\SqliteIndexStore.cs" line-rate="1" branch-rate="1" complexity="1">
          <methods>
            <method name="get_IncludeLowLevelContent" signature="()" line-rate="1" branch-rate="1" complexity="1">
              <lines>
                <line number="9" hits="20" branch="False" />
              </lines>
            </method>
          </methods>
          <lines>
            <line number="9" hits="20" branch="False" />
          </lines>
        </class>
        <class name="FastFileExplorer.Models.SearchOptions" filename="Models\IndexedItem.cs" line-rate="1" branch-rate="1" complexity="2">
          <methods>
            <method name="get_ItemFilter" signature="()" line-rate="1" branch-rate="1" complexity="1">
              <lines>
                <line number="30" hits="408" branch="False" />
              </lines>
            </method>
            <method name="get_DateFilter" signature="()" line-rate="1" branch-rate="1" complexity="1">
              <lines>
                <line number="31" hits="356" branch="False" />
              </lines>
            </method>
          </methods>
          <lines>
            <line number="30" hits="408" branch="False" />
            <line number="31" hits="356" branch="False" />
          </lines>
        </class>
        <class name="FastFileExplorer.Models.IndexedItem" filename="Models\IndexedItem.cs" line-rate="1" branch-rate="1" complexity="8">
          <methods>
            <method name="get_FullPath" signature="()" line-rate="1" branch-rate="1" complexity="1">
              <lines>
                <line number="36" hits="241854" branch="False" />
              </lines>
            </method>
            <method name="get_Name" signature="()" line-rate="1" branch-rate="1" complexity="1">
              <lines>
                <line number="37" hits="80073" branch="False" />
              </lines>
            </method>
            <method name="get_Directory" signature="()" line-rate="1" branch-rate="1" complexity="1">
              <lines>
                <line number="38" hits="79868" branch="False" />
              </lines>
            </method>
            <method name="get_Extension" signature="()" line-rate="1" branch-rate="1" complexity="1">
              <lines>
                <line number="39" hits="79868" branch="False" />
              </lines>
            </method>
            <method name="get_LastWriteTimeUtc" signature="()" line-rate="1" branch-rate="1" complexity="1">
              <lines>
                <line number="40" hits="80069" branch="False" />
              </lines>
            </method>
            <method name="get_SizeBytes" signature="()" line-rate="1" branch-rate="1" complexity="1">
              <lines>
                <line number="41" hits="79868" branch="False" />
              </lines>
            </method>
            <method name="get_Kind" signature="()" line-rate="1" branch-rate="1" complexity="1">
              <lines>
                <line number="42" hits="80271" branch="False" />
              </lines>
            </method>
            <method name="get_NormalizedName" signature="()" line-rate="1" branch-rate="1" complexity="1">
              <lines>
                <line number="43" hits="126048" branch="False" />
              </lines>
            </method>
          </methods>
          <lines>
            <line number="36" hits="241854" branch="False" />
            <line number="37" hits="80073" branch="False" />
            <line number="38" hits="79868" branch="False" />
            <line number="39" hits="79868" branch="False" />
            <line number="40" hits="80069" branch="False" />
            <line number="41" hits="79868" branch="False" />
            <line number="42" hits="80271" branch="False" />
            <line number="43" hits="126048" branch="False" />
          </lines>
        </class>
      </classes>
    </package>
  </packages>
</coverage>